<?xml version="1.0" encoding="UTF-8"?>
<!-- Generated by org.testng.reporters.JUnitXMLReporter -->
<testsuite ignored="0" hostname="DESKTOP-032BQ8K" failures="1" tests="2" name="Test" time="18.575" errors="0" timestamp="2023-04-14T16:43:17 IST">
  <testcase classname="com.opencart.testclass.HomePageTest" name="clickOnDesktopButton" time="0.022">
    <failure type="java.lang.AssertionError" message="tc1 failed">
      <![CDATA[java.lang.AssertionError: tc1 failed
at com.opencart.testclass.HomePageTest.clickOnDesktopButton(HomePageTest.java:21)
at java.base/java.util.ArrayList.forEach(ArrayList.java:1541)
... Removed 28 stack frames]]>
    </failure>
  </testcase> <!-- clickOnDesktopButton -->
  <testcase classname="com.opencart.testclass.HomePageTest" name="clickOnDesktopButtonithDatarodvider" time="0.004"/>
</testsuite> <!-- Test -->
